[......r............................................................f.....dn.ic......................]-(     1247000000) 0x000101e4.0 c_addi sp, -32            [   2157221]
[......r...s........................................................f.....dn.pic.....................]-(     1247000000) 0x000101e6.0 c_sdsp ra, 24(sp)         [   2157222]
[......r...s........................................................f......dn.ic.....................]-(     1247000000) 0x000101e8.0 c_sdsp s0, 16(sp)         [   2157223]
[......r............................................................f......dn.ic.....................]-(     1247000000) 0x000101ea.0 c_addi4spn s0, sp, 32     [   2157224]
[....ic.r...s.......................................................f......dn.p......................]-(     1247000000) 0x000101ec.0 sd a0, -24(s0)            [   2157225]
[..............................................r....................f......dn.ic.....................]-(     1247000000) 0x000101f0.0 lw a5, -1824(gp)          [   2157226]
[............................................ic.r...................f......dn.p......................]-(     1247000000) 0x000101f4.0 c_slli a5, 32             [   2157227]
[.............................................ic.............r......f......dn.p......................]-(     1247000000) 0x000101f6.0 c_srli a5, 32             [   2157228]
[.....ic.....................................................r.......f.....dn.p......................]-(     1247000000) 0x000101f8.0 ld a4, -24(s0)            [   2157229]
[..............................................ic............r.......f.....dn.p......................]-(     1247000000) 0x000101fc.0 bgeu a4, a5, 58           [   2157230]
[=======================================================================f===dn=ic====================]-(     1247000000) 0x00010200.0 -----lui a5, 39           [   2157231]
[=======================================================================f===dn=pic===================]-(     1247000000) 0x00010204.0 -----addi a4, a5, 1120    [   2157232]
[=====ic================================================================f===dn=p=====================]-(     1247000000) 0x00010208.0 -----ld a5, -24(s0)       [   2157233]
[=======ic==============================================================f===dn=p=====================]-(     1247000000) 0x0001020c.0 -----c_add a5, a4         [   2157234]
[========ic=============================================================f===dn=p=====================]-(     1247000000) 0x0001020e.0 -----lbu a5, 0(a5)        [   2157235]
[===========ic==========================================================f===dn=p=====================]-(     1247000000) 0x00010212.0 -----c_addiw a5, 0        [   2157236]
[============ic=========================================================f===dn=p=====================]-(     1247000000) 0x00010214.0 -----slliw a5, a5, 9      [   2157237]
[=============ic========================================================f===dn=p=====================]-(     1247000000) 0x00010218.0 -----c_addiw a5, 0        [   2157238]
[========================================================================f===dn=ic===================]-(     1247000000) 0x0001021a.0 -----lui a4, 40           [   2157239]
[========================================================================f===dn=pic==================]-(     1247000000) 0x0001021e.0 -----addi a4, a4, 592     [   2157240]
[==============ic========================================================f===dn=p====================]-(     1247000000) 0x00010222.0 -----c_add a5, a4         [   2157241]
[===============ic=======================================================f===dn=p====================]-(     1247000000) 0x00010224.0 -----lbu a4, 0(a5)        [   2157242]
[========================================================================f===dn=ic===================]-(     1247000000) 0x00010228.0 -----lbu a5, -1776(gp)    [   2157243]
[==================ic====================================================f===dn=p====================]-(     1247000000) 0x0001022c.0 -----c_and a5, a4         [   2157244]
[===================ic===================================================f===dn=p====================]-(     1247000000) 0x0001022e.0 -----andi a4, a5, 255     [   2157245]
[====================ic==================================================f===dn=p====================]-(     1247000000) 0x00010232.0 -----sb a4, -1776(gp)     [   2157246]
[=========================================================================f===dn=ic==================]-(     1247000000) 0x00010236.0 -----c_addi zero, 0       [   2157247]
[=========================================================================f===dn=ic==================]-(     1247000000) 0x00010238.0 -----c_ldsp ra, 24(sp)    [   2157248]
[=========================================================================f===dn=ic==================]-(     1247000000) 0x0001023a.0 -----c_ldsp s0, 16(sp)    [   2157249]
[=========================================================================f===dn=ic==================]-(     1247000000) 0x0001023c.0 -----c_addi16sp sp, 32    [   2157250]
[=========================================================================f===dn=p=ic================]-(     1247000000) 0x0001023e.0 -----c_jr ra              [   2157251]